2012-07-14 12:37:13,825  WARN no perfect match found for  Play Hard: Work Hard (Play Hard) use more popular song Wiz Khalifa:Work Hard, Play Hard
2012-07-14 12:37:21,909  WARN no perfect match found for  Tim McGraw: Truck Yeah (Tim McGraw) use more popular song Hidden Truck:Yeah, Oh That's Nice
2012-07-14 12:37:22,844  WARN no perfect match found for  Drake Featuring Lil Wayne: HYFR (Hell Yeah F*****g Right) (Drake,Lil Wayne) use more popular song Hell Yeah Fucking Right Alright:HYFR
2012-07-14 12:37:23,554  WARN no perfect match found for  DJ Khaled Featuring Kanye West & Rick Ross: I Wish You Would (DJ Khaled,Rick Ross,Kanye West) use more popular song Train:I Wish You Would
2012-07-14 12:37:24,686  WARN no perfect match found for  M83.: Midnight City (M83.) use more popular song M83:Midnight City
2012-07-14 12:37:27,176  WARN no perfect match found for  LoveRance Featuring IamSu & Skipper or 50 Cent: UP! (LoveRance,Skipper or 50 Cent,IamSu) use more popular song Jason Mraz:I Won't Give Up
2012-07-14 12:37:27,509  INFO Billboard Hot 100 Chart chart exported in /Users/mmounirou/Charts/Billboard Hot 100 Chart in 24 s
2012-07-14 12:37:30,900  INFO Billboard Radio Songs Chart chart exported in /Users/mmounirou/Charts/Billboard Radio Songs Chart in 3 s
2012-07-14 12:37:31,070  INFO Billboard Digital Songs Chart chart exported in /Users/mmounirou/Charts/Billboard Digital Songs Chart in 0 s
2012-07-14 12:37:32,952  WARN no perfect match found for  Jay Z  Kanye West: Ni**as in Paris (Jay Z  Kanye West) use more popular song GMD:Niggas In Paris
2012-07-14 12:37:33,928  INFO Billboard On-Demand Songs Chart chart exported in /Users/mmounirou/Charts/Billboard On-Demand Songs Chart in 2 s
2012-07-14 12:37:35,785  INFO Billboard Ringtones Chart chart exported in /Users/mmounirou/Charts/Billboard Ringtones Chart in 1 s
2012-07-14 12:37:44,610  INFO Billboard Social 50 Chart chart exported in /Users/mmounirou/Charts/Billboard Social 50 Chart in 8 s
2012-07-14 12:37:50,731  WARN no perfect match found for  Architects UK: Architects UK (Architects UK) use more popular song Brandon Bolmer of Chiodos:The Boys are Back in Town
2012-07-14 12:37:54,589  WARN no spotify song for  Heffron Drive: Heffron Drive
2012-07-14 12:37:54,731  WARN no spotify song for  Meytal Cohen: Meytal Cohen
2012-07-14 12:37:54,815  INFO Billboard Uncharted Chart chart exported in /Users/mmounirou/Charts/Billboard Uncharted Chart in 10 s
2012-07-14 12:37:56,229  INFO Billboard Heatseekers Songs Chart chart exported in /Users/mmounirou/Charts/Billboard Heatseekers Songs Chart in 1 s
2012-07-14 12:37:56,325  INFO Billboard Pop Songs Chart chart exported in /Users/mmounirou/Charts/Billboard Pop Songs Chart in 0 s
2012-07-14 12:37:59,495  INFO Billboard Adult Contemporary Chart chart exported in /Users/mmounirou/Charts/Billboard Adult Contemporary Chart in 3 s
2012-07-14 12:38:01,720  INFO Billboard Adult Pop Songs Chart chart exported in /Users/mmounirou/Charts/Billboard Adult Pop Songs Chart in 2 s
2012-07-14 12:38:03,893  WARN no perfect match found for  Katharine McPhee: Touch Me (Katharine McPhee) use more popular song Electric Lady Lab:Touch Me
2012-07-14 12:38:04,332  WARN no perfect match found for  Norka: Miracle (Norka) use more popular song Matthew Miller:Miracle
2012-07-14 12:38:05,963  INFO Billboard Dance/Club Play Songs Chart chart exported in /Users/mmounirou/Charts/Billboard Dance/Club Play Songs Chart in 4 s
2012-07-14 12:38:08,109  WARN no perfect match found for  Beyonce: Love On Top (Beyonce) use more popular song Beyoncé:Love On Top
2012-07-14 12:38:11,267  WARN no perfect match found for  Beyonce: Dance For You (Beyonce) use more popular song Beyoncé:Dance For You
2012-07-14 12:38:11,348  WARN no perfect match found for  Miguel: Adorn (Miguel) use more popular song The Doppelgangaz:Adorn
2012-07-14 12:38:11,550  WARN no perfect match found for  Chief Keef Featuring Lil Reese: I Don't Like (Lil Reese,Chief Keef) use more popular song Scissor Sisters:I Don't Feel Like Dancin' - Radio Edit
2012-07-14 12:38:11,563  INFO Billboard R&B/Hip-Hop Songs Chart chart exported in /Users/mmounirou/Charts/Billboard R&B/Hip-Hop Songs Chart in 5 s
2012-07-14 12:38:13,043  WARN no perfect match found for  DJ Khaled: Take It To The Head (DJ Khaled) use more popular song Chris Brown:Take It To The Head - Explicit Version
2012-07-14 12:38:13,044  INFO Billboard Rap Songs Chart chart exported in /Users/mmounirou/Charts/Billboard Rap Songs Chart in 1 s
2012-07-14 12:38:16,002  INFO Billboard Rock Songs Chart chart exported in /Users/mmounirou/Charts/Billboard Rock Songs Chart in 2 s
2012-07-14 12:38:17,934  INFO Billboard Alternative Songs Chart chart exported in /Users/mmounirou/Charts/Billboard Alternative Songs Chart in 1 s
2012-07-14 12:38:19,980  INFO Billboard Country Songs Chart chart exported in /Users/mmounirou/Charts/Billboard Country Songs Chart in 1 s
2012-07-14 12:38:22,929  WARN no perfect match found for  Roman Street: Caravan (Roman Street) use more popular song Caravan Palace:Jolie Coquine
2012-07-14 12:38:23,059  WARN no perfect match found for  Peter White: Here We Go (Peter White) use more popular song Norah Jones:Here We Go Again
2012-07-14 12:38:23,479  WARN no perfect match found for  Gerald Albright / Norman Brown: In The Moment (Gerald Albright / Norman Brown) use more popular song Jason Mraz:Living In The Moment
2012-07-14 12:38:23,536  WARN no spotify song for  Naturally 7: Life Goes On (Let It Go)
2012-07-14 12:38:23,542  INFO Billboard Jazz Songs Chart chart exported in /Users/mmounirou/Charts/Billboard Jazz Songs Chart in 3 s
2012-07-14 12:38:25,444  WARN no perfect match found for  Wisin & Yandel + Jennifer Lopez: Follow The Leader (Yandel + Jennifer Lopez,Wisin) use more popular song Jennifer Lopez:Follow The Leader
2012-07-14 12:38:25,972  WARN no perfect match found for  Michel Telo: Ai Se Eu Te Pego (Michel Telo) use more popular song Michel Teló:Ai Se Eu Te Pego
2012-07-14 12:38:26,541  WARN no perfect match found for  La Arrolladora Banda el Limon de Rene Camacho: Llamada De Mi Ex (La Arrolladora Banda el Limon de Rene Camacho) use more popular song La Arrolladora Banda El Limón De Rene Camacho:Llamada De Mi Ex
2012-07-14 12:38:27,629  WARN no perfect match found for  La Adictiva Banda San Jose de Mesillas: El Pasado Es Pasado (La Adictiva Banda San Jose de Mesillas) use more popular song La Adictiva Banda San José de Mesillas:El Pasado Es Pasado
2012-07-14 12:38:28,535  WARN no perfect match found for  Don Omar Featuring Natty Natasha: Dutty Love (Natty Natasha,Don Omar) use more popular song Sean Kingston:Letting Go (Dutty Love) featuring Nicki Minaj
2012-07-14 12:38:28,630  WARN no perfect match found for  Banda El Recodo de Cruz Lizarraga: Sin Respiracion (Banda El Recodo de Cruz Lizarraga) use more popular song Banda El Recodo De Cruz Lizárraga:Sin Respiración
2012-07-14 12:38:28,895  WARN no perfect match found for  Tito El Bambino: Dame La Ola (Tito El Bambino) use more popular song Tito "El Bambino" El Patrón:Dame La Ola
2012-07-14 12:38:29,541  INFO Billboard Latin Songs Chart chart exported in /Users/mmounirou/Charts/Billboard Latin Songs Chart in 5 s
2012-07-14 12:38:31,051  WARN no perfect match found for  La Original Banda el Limon de Salvador Lizarraga: El Mejor Perfume (La Original Banda el Limon de Salvador Lizarraga) use more popular song La Original Banda El Limón de Salvador Lizárraga:El Mejor Perfume
2012-07-14 12:38:31,398  WARN no perfect match found for  Julion Alvarez y Su Norteno Banda: Marchate (Julion Alvarez y Su Norteno Banda) use more popular song Julión Álvarez Y Su Norteño Banda:Márchate
2012-07-14 12:38:31,567  WARN no perfect match found for  Banda Sinaloense MS De Sergio Lizarraga: Mi Olvido (Banda Sinaloense MS De Sergio Lizarraga) use more popular song Banda Sinaloense MS de Sergio Lizárraga:Mi Olvido
2012-07-14 12:38:31,901  WARN no spotify song for  Chuy Lizarraga y Su Banda Tierra Sinaloense: Te Mirabas Tan Bonita
2012-07-14 12:38:32,136  WARN no perfect match found for  Intocable: Llueve (Intocable) use more popular song Melendi:Llueve
2012-07-14 12:38:32,390  WARN no perfect match found for  Pedro Fernandez: Lluvia (Pedro Fernandez) use more popular song Maná:Lluvia al corazón
2012-07-14 12:38:32,390  INFO Billboard Regional Mexican Songs Chart chart exported in /Users/mmounirou/Charts/Billboard Regional Mexican Songs Chart in 2 s
2012-07-14 12:38:35,061  INFO Billboard Latin Pop Songs Chart chart exported in /Users/mmounirou/Charts/Billboard Latin Pop Songs Chart in 2 s
2012-07-14 12:38:36,414  WARN no perfect match found for  Karlos Rose: Just The Way You Are (Karlos Rose) use more popular song Bruno Mars:Just The Way You Are
2012-07-14 12:38:36,478  WARN no perfect match found for  Alex Sensation Featuring David: Noche De Placer (David,Alex Sensation) use more popular song SAVAE (San Antonio Vocal Arts Ensemble):Hoy es dia de placer
2012-07-14 12:38:36,971  WARN no perfect match found for  Omar Enrique: Tu (Omar Enrique) use more popular song Pablo Alboran:Solamente Tú
2012-07-14 12:38:39,910  INFO Billboard Tropical Songs Chart chart exported in /Users/mmounirou/Charts/Billboard Tropical Songs Chart in 4 s
2012-07-14 12:38:41,344  WARN no perfect match found for 000 Reasons (Bless The Lord): 10 (000 Reasons (Bless The Lord)) use more popular song T.I.:Live Your Life - feat. Rihanna [Explicit Album Version]
2012-07-14 12:38:42,151  WARN no perfect match found for  Friend Of Sinners: Jesus (Friend Of Sinners) use more popular song Johnny Cash:Personal Jesus
2012-07-14 12:38:42,997  WARN no perfect match found for  Group 1 Crew Featuring Chris August: He Said (Chris August,Group 1 Crew) use more popular song Ashley Tisdale:He Said She Said
2012-07-14 12:38:43,138  WARN no perfect match found for  Matthew West: Forgiveness (Matthew West) use more popular song Maria Mena:The Art Of Forgiveness
2012-07-14 12:38:44,097  WARN no perfect match found for  Trent Monk: Beautiful You (Trent Monk) use more popular song One Direction:What Makes You Beautiful
2012-07-14 12:38:44,162  WARN no perfect match found for  David Crowder*Band: After All (Holy) (David Crowder*Band) use more popular song David Crowder Band:After All (Holy)
2012-07-14 12:38:44,486  INFO Billboard Christian Songs Chart chart exported in /Users/mmounirou/Charts/Billboard Christian Songs Chart in 4 s
2012-07-14 12:38:46,861  WARN no perfect match found for  Patrick Dopson: Keep Me (Patrick Dopson) use more popular song Zac Brown Band:Keep Me In Mind
2012-07-14 12:38:47,140  WARN no perfect match found for  Zacardi Cortez Featuring John P. Kee: One More Time (Zacardi Cortez,John P. Kee) use more popular song Daft Punk:One More Time
2012-07-14 12:38:47,949  WARN no perfect match found for  James Fortune & FIYA Featuring Monica & Fred Hammond: Hold On (Monica,James Fortune,FIYA,Fred Hammond) use more popular song Alabama Shakes:Hold On
2012-07-14 12:38:47,949  INFO Billboard Gospel Songs Chart chart exported in /Users/mmounirou/Charts/Billboard Gospel Songs Chart in 3 s
2012-07-14 12:38:48,040  INFO Billboard Songs of the Summer Chart chart exported in /Users/mmounirou/Charts/Billboard Songs of the Summer Chart in 0 s
2012-07-14 12:38:49,429  WARN no perfect match found for  Tomohisa Yamashita: LOVE CHASE (Tomohisa Yamashita) use more popular song Eric Chase:Love Comes Around - Radio Edit
2012-07-14 12:38:49,591  WARN no perfect match found for  Kim Hyun Joong: HEAT (Kim Hyun Joong) use more popular song Canned Heat:Going Up The Country
2012-07-14 12:38:49,767  WARN no perfect match found for  Morning Musume: One Two Three (Morning Musume) use more popular song Plain White T's:1, 2, 3, 4
2012-07-14 12:38:49,826  WARN no spotify song for  Namie Amuro: In The Spotlight(TOKYO)
2012-07-14 12:38:49,989  WARN no perfect match found for  2PM + 2AM 'Oneday': One day (2PM + 2AM 'Oneday') use more popular song Asaf Avidan & the Mojos:One Day / Reckoning Song (Wankelmut Remix) - Radio Edit
2012-07-14 12:38:50,128  WARN no perfect match found for  BIGBANG: Monster (BIGBANG) use more popular song Jose De Rico:Rayos De Sol - Original Mix
2012-07-14 12:38:50,285  WARN no perfect match found for  Shojo Jidal: PAPARAZZI (Shojo Jidal) use more popular song Lady Gaga:Paparazzi
2012-07-14 12:38:50,413  WARN no perfect match found for  Che'Nelle: Believe (Che'Nelle) use more popular song Justin Bieber:Believe
2012-07-14 12:38:50,470  WARN no spotify song for  SUPER GiRLS: Puri Puri Summer Kiss
2012-07-14 12:38:50,529  WARN no spotify song for  Bonnie Pink: Machi No Mamae
2012-07-14 12:38:50,585  WARN no spotify song for  Keisuke Kuwata: Itoshii Hitoe Sasagu Uta
2012-07-14 12:38:50,706  WARN no spotify song for  Momoiro Clover Z: Otome Senso
2012-07-14 12:38:50,765  WARN no spotify song for  Nanamorichu Gorakubu: Yes! Yuyuyu Yuru Yuri
2012-07-14 12:38:50,823  WARN no spotify song for  Junk Fujiyama: Ano Sora No Mukougawa E
2012-07-14 12:38:50,925  WARN no perfect match found for  Dragon Ash: Walk with Dreams (Dragon Ash) use more popular song Sin Fang:Walk With You
2012-07-14 12:38:51,113  WARN no perfect match found for  Ayaka Hirahara: Smile Smile (Ayaka Hirahara) use more popular song Evelyn:2012 (If the World Would End) - Radio Mix
2012-07-14 12:38:51,258  WARN no perfect match found for  Kat-Tun: TO THE LIMIT (Kat-Tun) use more popular song Feist:The Limit To Your Love
2012-07-14 12:38:51,521  WARN no spotify song for  Nanamorichu Gorakubu: 100% Chu Gakusei
2012-07-14 12:38:51,655  WARN no perfect match found for  Exile: ALL NIGHT LONG (Exile) use more popular song 3LAU:All Night Long
2012-07-14 12:38:51,789  WARN no perfect match found for  Ketsumeishi: LOVE LOVE Summer (Ketsumeishi) use more popular song Cascada:Summer Of Love - Video Edit
2012-07-14 12:38:51,905  WARN no spotify song for  Chatmonchy: Kira Kira Hikare
2012-07-14 12:38:52,050  WARN no perfect match found for  rieco: Shining (rieco) use more popular song Bob Marley:The Sun Is Shining
2012-07-14 12:38:52,106  WARN no spotify song for  MINMI: La La La Ai No Uta
2012-07-14 12:38:52,521  WARN no perfect match found for  Namie Amuro: ONLY YOU (Namie Amuro) use more popular song Joshua Radin:Only You
2012-07-14 12:38:52,914  WARN no perfect match found for  Sukima Switch: Last Scene (Sukima Switch) use more popular song Dream Theater:One Last Time [Scene Seven]
2012-07-14 12:38:53,080  WARN no spotify song for  Hare: Shichigatsu Nanoka
2012-07-14 12:38:53,142  WARN no spotify song for  Atsuko Maeda: Kimi Wa Bokuda
2012-07-14 12:38:53,298  WARN no perfect match found for  Kimaguren: LIFE (Kimaguren) use more popular song Justin Bieber:Live My Life
2012-07-14 12:38:53,355  WARN no spotify song for  BUCK-TICK: MISS TAKEBoku Wa Miss Take
2012-07-14 12:38:53,416  WARN no perfect match found for  PES from RIP SLYME: Seaside Lovers (PES from RIP SLYME) use more popular song Relaxing Piano Music Seaside:Desire - Romantic Piano Music and Ocean Wave Nature Music for Lovers
2012-07-14 12:38:53,473  WARN no spotify song for  AKB48: Manatsu No Sounds good!
2012-07-14 12:38:53,587  WARN no perfect match found for  SPYAIR: 0 GAME (SPYAIR) use more popular song Konami Kukeiha Club:Null Moon
2012-07-14 12:38:53,720  WARN no perfect match found for  Angela Aki: Kokuhaku (Angela Aki) use more popular song Chatmonchy:Last Love Letter - Album ver.
2012-07-14 12:38:53,897  WARN no perfect match found for  Flumpool: Because.. I am (Flumpool) use more popular song Eduard Khil:I am very glad, because I'm finally returning back home (Trololo)
2012-07-14 12:38:54,054  WARN no perfect match found for  Rihwa: CHANGE (Rihwa) use more popular song Passion Pit:Sleepyhead
2012-07-14 12:38:54,245  WARN no perfect match found for  Good Coming: Ashita Ni (Good Coming) use more popular song Hungry Days:Ashita ni Mukatte
2012-07-14 12:38:54,301  WARN no spotify song for  Back Number: Watagashi
2012-07-14 12:38:54,302  INFO Billboard Japan Hot 100 Chart chart exported in /Users/mmounirou/Charts/Billboard Japan Hot 100 Chart in 6 s
2012-07-14 12:38:55,603  WARN no perfect match found for  2NE1: I Love You (2NE1) use more popular song Mr Hudson:Why I Love You
2012-07-14 12:38:55,764  WARN no perfect match found for  T-ara: Day By Day (T-ara) use more popular song The Dirty Heads:Day By Day
2012-07-14 12:38:55,945  WARN no perfect match found for  SISTAR: Loving U (SISTAR) use more popular song U-Roy:Ain't That Loving You
2012-07-14 12:38:56,070  WARN no perfect match found for  Lee Hyun (8Eight): My Heart Hurts (Lee Hyun (8Eight)) use more popular song Royal Southern Brotherhood:Hurts My Heart
2012-07-14 12:38:56,236  WARN no perfect match found for  Busker Busker: If You Really Love Me (Busker Busker) use more popular song Steel Panther:If You Really Really Love Me
2012-07-14 12:38:56,425  WARN no perfect match found for  Huh Gak: One Person (Huh Gak) use more popular song Jonny Lang:One Person At A Time
2012-07-14 12:38:56,482  WARN no spotify song for  Sagging Snail: Room Nallari
2012-07-14 12:38:56,845  WARN no perfect match found for  JUNIEL: illa illa (JUNIEL) use more popular song Magnus Uggla:Jag mår illa
2012-07-14 12:38:57,004  WARN no perfect match found for  Lee Jong Hyun(of CNBLUE): My Love (Lee Jong Hyun(of CNBLUE)) use more popular song Adele:Make You Feel My Love (album)
2012-07-14 12:38:57,063  WARN no perfect match found for  Busker Busker: It's Hard To Face You (Busker Busker) use more popular song The Angry Mothers:Everytime You Watch MTV I Get To Punch You In The Face (Real Hard)
2012-07-14 12:38:57,185  WARN no perfect match found for  Verbal Jint (Feat. Sanchez): Pretty Enough (Sanchez),Verbal Jint () use more popular song Kasey Chambers:Not Pretty Enough
2012-07-14 12:38:57,319  WARN no perfect match found for  Wonder Girls: Like This (Wonder Girls) use more popular song Bombay Bicycle Club:Always Like This
2012-07-14 12:38:57,491  WARN no perfect match found for  JP (Feat. G.NA): I'm Sorry That I'm Sorry (G.NA),JP () use more popular song Brenda Lee:That's All You Gotta Do
2012-07-14 12:38:57,632  WARN no perfect match found for  Free & Single: Sexy (Free,Single) use more popular song LMFAO:Sexy And I Know It
2012-07-14 12:38:57,771  WARN no perfect match found for  Kim Tae Woo: High High (Kim Tae Woo) use more popular song Chiddy Bang:High
2012-07-14 12:38:57,827  WARN no spotify song for  Apink: BUBIBU (Remix Ver.)
2012-07-14 12:38:57,968  WARN no perfect match found for  4Men: I Couldn't (4Men) use more popular song Rascal Flatts:Words I Couldn't Say
2012-07-14 12:38:58,102  WARN no perfect match found for  Yangpa: Love...What To Do? (Yangpa) use more popular song ElectroVamp:I Love What You Do
2012-07-14 12:38:58,329  WARN no perfect match found for  Verbal Jint (Feat. Kwon Jung Yeol of 10cm): Good Morning (Kwon Jung Yeol of 10cm),Verbal Jint () use more popular song Norah Jones:Good Morning
2012-07-14 12:38:58,490  WARN no perfect match found for  T-ara: Don't Leave (T-ara) use more popular song P!nk:Please Don't Leave Me
2012-07-14 12:38:58,656  WARN no perfect match found for  T-ara: Holiday (T-ara) use more popular song Vampire Weekend:Holiday
2012-07-14 12:38:58,823  WARN no perfect match found for  December: Unfinished (December) use more popular song Massive Attack:Unfinished Sympathy
2012-07-14 12:38:58,985  WARN no perfect match found for  ULALA SESSION: Goodbye Day (ULALA SESSION) use more popular song Randy Rogers Band:Too Late For Goodbye
2012-07-14 12:38:59,164  WARN no perfect match found for  Busker Busker: Showers (Busker Busker) use more popular song Natalia Kills:Champagne Showers
2012-07-14 12:38:59,325  WARN no perfect match found for  Jang Dong Gun: More Than Me (Jang Dong Gun) use more popular song Eliphino:More Than Me
2012-07-14 12:38:59,483  WARN no perfect match found for  Noel: If It Is Love (Noel) use more popular song Yahzarah:If This Is Love
2012-07-14 12:38:59,586  WARN no perfect match found for  Jang Yoon Jeong: First Marriage (Jang Yoon Jeong) use more popular song Hungarian State Opera Orchestra:Le nozze di Figaro (The Marriage of Figaro), K. 492 : Le nozze di Figaro (The Marriage of Figaro), K. 492: Overture
2012-07-14 12:38:59,713  WARN no perfect match found for  ZE:A: Aftermath (ZE:A) use more popular song The Rolling Stones:Under My Thumb
2012-07-14 12:38:59,804  WARN no perfect match found for  Bobby Kim: Love Is Cruel (Bobby Kim) use more popular song Naked Hearts:True You Are Cruel Is Love
2012-07-14 12:38:59,979  WARN no perfect match found for  B1A4: Baby I'm Sorry (B1A4) use more popular song The Neighbourhood:Baby Came Home
2012-07-14 12:39:00,041  WARN no perfect match found for  Hyung Don and Dae Joon: The Gloomy Song (Hyung Don and Dae Joon) use more popular song Kino:Is gloomy song
2012-07-14 12:39:00,193  WARN no perfect match found for  Youn ha: Run (Youn ha) use more popular song Pitbull:We Run The Night
2012-07-14 12:39:00,340  WARN no perfect match found for  Teen Top: To You (Teen Top) use more popular song Justin Bieber:Turn To You - (Mother's Day Dedication)
2012-07-14 12:39:00,482  WARN no perfect match found for  AFTERSCHOOL: Flashback (AFTERSCHOOL) use more popular song Calvin Harris:Flashback
2012-07-14 12:39:00,682  WARN no perfect match found for  Jang Woo Young(of 2PM): Sexy Lady (Jang Woo Young(of 2PM)) use more popular song i SQUARE:Hey Sexy Lady - Skrillex Remix
2012-07-14 12:39:00,823  WARN no spotify song for  Shin Bo Ra: Cry Because I Miss You
2012-07-14 12:39:00,946  WARN no perfect match found for  Baek Chung Kang: All Night (Baek Chung Kang) use more popular song One Direction:What Makes You Beautiful
2012-07-14 12:39:01,042  WARN no perfect match found for  Busker Busker: Neon Sign (Busker Busker) use more popular song Kode9:Neon Red Sign
2012-07-14 12:39:01,187  WARN no perfect match found for  Infinite: The Chaser (Infinite) use more popular song Straight No Chaser:I'm Yours / Somewhere Over The Rainbow - EP Version
2012-07-14 12:39:01,328  WARN no perfect match found for  Davichi: Because It's You (Davichi) use more popular song Ne-Yo:Say It
2012-07-14 12:39:01,479  WARN no perfect match found for  SISTAR: Alone (SISTAR) use more popular song Alyssa Reid:Alone Again feat. Jump Smokers - Original Mix
2012-07-14 12:39:01,607  WARN no perfect match found for  Youn ha: People (Youn ha) use more popular song Foster The People:Pumped Up Kicks
2012-07-14 12:39:01,763  WARN no perfect match found for  Wonder Girls (Feat. Akon): Like Money (Wonder Girls (,Akon)) use more popular song R.I.O.:Like I Love You - Money G Radio Edit
2012-07-14 12:39:02,057  WARN no perfect match found for  Sohang: I Have Nothing (Whitney Houston) (Sohang) use more popular song Whitney Houston:I Have Nothing - Remastered: 2000
2012-07-14 12:39:02,129  WARN no perfect match found for  Shinyoo: Hands Of The Clock (Shinyoo) use more popular song Lullatone:The Hands of a Clock
2012-07-14 12:39:02,188  WARN no spotify song for  Beast: Hated Person
2012-07-14 12:39:02,189  INFO Billboard Korea K-Pop Hot 100 Chart chart exported in /Users/mmounirou/Charts/Billboard Korea K-Pop Hot 100 Chart in 7 s
2012-07-14 12:39:04,528  INFO Billboard The Official U.K. Singles Chart Chart chart exported in /Users/mmounirou/Charts/Billboard The Official U.K. Singles Chart Chart in 2 s
2012-07-14 12:39:06,060  WARN no perfect match found for  Die Toten Hosen: Tage Wie Diese (Die Toten Hosen) use more popular song Champs United:Tage wie diese
2012-07-14 12:39:06,517  INFO Billboard Germany Songs Chart chart exported in /Users/mmounirou/Charts/Billboard Germany Songs Chart in 1 s
2012-07-14 12:39:08,361  INFO Billboard France Songs Chart chart exported in /Users/mmounirou/Charts/Billboard France Songs Chart in 1 s
2012-07-14 12:39:10,761  INFO Billboard Billboard Canadian Hot 100 Chart chart exported in /Users/mmounirou/Charts/Billboard Billboard Canadian Hot 100 Chart in 2 s
2012-07-14 12:39:13,946  INFO Billboard YouTube Chart chart exported in /Users/mmounirou/Charts/Billboard YouTube Chart in 3 s
2012-07-14 12:39:14,060  INFO Billboard Yahoo Audio Chart chart exported in /Users/mmounirou/Charts/Billboard Yahoo Audio Chart in 0 s
2012-07-14 12:39:14,107  INFO Billboard MySpace Songs Chart chart exported in /Users/mmounirou/Charts/Billboard MySpace Songs Chart in 0 s
2012-07-14 12:39:15,798  WARN no perfect match found for  D E N A: D E N A (D E N A) use more popular song Dmitri Hvorostovsky:Katyusha (arr. E. Stetsyuk): Katyusha
2012-07-14 12:39:16,215  WARN no spotify song for  OCD: Moosh & Twist: OCD: Moosh & Twist
2012-07-14 12:39:16,288  WARN no perfect match found for  5 & A Dime: 5 & A Dime (5,A Dime) use more popular song Nanci Griffith:Love At The Five And Dime - Live (1988 Anderson Fair)
2012-07-14 12:39:17,351  INFO Billboard Next Big Sound 25 Chart chart exported in /Users/mmounirou/Charts/Billboard Next Big Sound 25 Chart in 3 s
